Started by user [8mha:////4PdMHJt/HODzC8rWp4yqU6iKRaY6X+Wg2r8Qui3qD8+dAAAAkx+LCAAAAAAAAP9b85aBtbiIQTGjNKU4P08vOT+vOD8nVc83PyU1x6OyILUoJzMv2y+/JJUBAhiZGBgqihhk0NSjKDWzXb3RdlLBUSYGJk8GtpzUvPSSDB8G5tKinBIGIZ+sxLJE/ZzEvHT94JKizLx0a6BxUmjGOUNodHsLgAyWEgYu/dLi1CIwAQDYegtJvwAAAA==[0muser
Running as SYSTEM
Building in workspace /bitnami/jenkins/home/workspace/FinalProjectPA2579
The recommended git tool is: NONE
No credentials specified
 > git rev-parse --resolve-git-dir /bitnami/jenkins/home/workspace/FinalProjectPA2579/.git # timeout=10
Fetching changes from the remote Git repository
 > git config remote.origin.url https://github.com/SpikeStriker/lecture_ci.git # timeout=10
Fetching upstream changes from https://github.com/SpikeStriker/lecture_ci.git
 > git --version # timeout=10
 > git --version # 'git version 2.39.2'
 > git fetch --tags --force --progress -- https://github.com/SpikeStriker/lecture_ci.git +refs/heads/*:refs/remotes/origin/* # timeout=10
 > git rev-parse refs/remotes/origin/master^{commit} # timeout=10
Checking out Revision c07fa8bb80a58751e199810ad4679382d8391a13 (refs/remotes/origin/master)
 > git config core.sparsecheckout # timeout=10
 > git checkout -f c07fa8bb80a58751e199810ad4679382d8391a13 # timeout=10
Commit message: "updating compiler version"
 > git rev-list --no-walk c07fa8bb80a58751e199810ad4679382d8391a13 # timeout=10
[FinalProjectPA2579] $ /opt/apache-maven-3.8.8/bin/mvn test
[INFO] Scanning for projects...
[8mha:////4NJa7BiBQ/TirdH+Xe1c6eGAyP7GotoVJSvjRzuEVInwAAAAYh+LCAAAAAAAAP9b85aBtbiIQSWjNKU4P0+vJLE4u1gvPjexLDVPzxdEhicW5WXmpfvll6SeOJwgmrt9CSsTA0NFEYMUVEtyfl5xfk6qnjOEBilkgABGkMICAEQzmI1iAAAA[0m[WARNING] 
[8mha:////4NJa7BiBQ/TirdH+Xe1c6eGAyP7GotoVJSvjRzuEVInwAAAAYh+LCAAAAAAAAP9b85aBtbiIQSWjNKU4P0+vJLE4u1gvPjexLDVPzxdEhicW5WXmpfvll6SeOJwgmrt9CSsTA0NFEYMUVEtyfl5xfk6qnjOEBilkgABGkMICAEQzmI1iAAAA[0m[WARNING] Some problems were encountered while building the effective model for joda-time:joda-time:jar:2.9.9
[8mha:////4NJa7BiBQ/TirdH+Xe1c6eGAyP7GotoVJSvjRzuEVInwAAAAYh+LCAAAAAAAAP9b85aBtbiIQSWjNKU4P0+vJLE4u1gvPjexLDVPzxdEhicW5WXmpfvll6SeOJwgmrt9CSsTA0NFEYMUVEtyfl5xfk6qnjOEBilkgABGkMICAEQzmI1iAAAA[0m[WARNING] 'build.plugins.plugin.version' for org.openclover:clover-maven-plugin is missing. @ line 343, column 12
[8mha:////4NJa7BiBQ/TirdH+Xe1c6eGAyP7GotoVJSvjRzuEVInwAAAAYh+LCAAAAAAAAP9b85aBtbiIQSWjNKU4P0+vJLE4u1gvPjexLDVPzxdEhicW5WXmpfvll6SeOJwgmrt9CSsTA0NFEYMUVEtyfl5xfk6qnjOEBilkgABGkMICAEQzmI1iAAAA[0m[WARNING] 
[8mha:////4NJa7BiBQ/TirdH+Xe1c6eGAyP7GotoVJSvjRzuEVInwAAAAYh+LCAAAAAAAAP9b85aBtbiIQSWjNKU4P0+vJLE4u1gvPjexLDVPzxdEhicW5WXmpfvll6SeOJwgmrt9CSsTA0NFEYMUVEtyfl5xfk6qnjOEBilkgABGkMICAEQzmI1iAAAA[0m[WARNING] It is highly recommended to fix these problems because they threaten the stability of your build.
[8mha:////4NJa7BiBQ/TirdH+Xe1c6eGAyP7GotoVJSvjRzuEVInwAAAAYh+LCAAAAAAAAP9b85aBtbiIQSWjNKU4P0+vJLE4u1gvPjexLDVPzxdEhicW5WXmpfvll6SeOJwgmrt9CSsTA0NFEYMUVEtyfl5xfk6qnjOEBilkgABGkMICAEQzmI1iAAAA[0m[WARNING] 
[8mha:////4NJa7BiBQ/TirdH+Xe1c6eGAyP7GotoVJSvjRzuEVInwAAAAYh+LCAAAAAAAAP9b85aBtbiIQSWjNKU4P0+vJLE4u1gvPjexLDVPzxdEhicW5WXmpfvll6SeOJwgmrt9CSsTA0NFEYMUVEtyfl5xfk6qnjOEBilkgABGkMICAEQzmI1iAAAA[0m[WARNING] For this reason, future Maven versions might no longer support building such malformed projects.
[8mha:////4NJa7BiBQ/TirdH+Xe1c6eGAyP7GotoVJSvjRzuEVInwAAAAYh+LCAAAAAAAAP9b85aBtbiIQSWjNKU4P0+vJLE4u1gvPjexLDVPzxdEhicW5WXmpfvll6SeOJwgmrt9CSsTA0NFEYMUVEtyfl5xfk6qnjOEBilkgABGkMICAEQzmI1iAAAA[0m[WARNING] 
[8mha:////4NJa7BiBQ/TirdH+Xe1c6eGAyP7GotoVJSvjRzuEVInwAAAAYh+LCAAAAAAAAP9b85aBtbiIQSWjNKU4P0+vJLE4u1gvPjexLDVPzxdEhicW5WXmpfvll6SeOJwgmrt9CSsTA0NFEYMUVEtyfl5xfk6qnjOEBilkgABGkMICAEQzmI1iAAAA[0m[WARNING] The project joda-time:joda-time:jar:2.9.9 uses prerequisites which is only intended for maven-plugin projects but not for non maven-plugin projects. For such purposes you should use the maven-enforcer-plugin. See https://maven.apache.org/enforcer/enforcer-rules/requireMavenVersion.html
[INFO] 
[INFO] ------------------------< joda-time:joda-time >-------------------------
[INFO] Building Joda-Time 2.9.9
[INFO]   from pom.xml
[INFO] --------------------------------[ jar ]---------------------------------
Downloading from central: https://repo.maven.apache.org/maven2/org/apache/maven/plugins/maven-surefire-plugin/2.18.1/maven-surefire-plugin-2.18.1.pom
Progress (1): 2.8/5.7 kBProgress (1): 5.5/5.7 kBProgress (1): 5.7 kB                        Downloaded from central: https://repo.maven.apache.org/maven2/org/apache/maven/plugins/maven-surefire-plugin/2.18.1/maven-surefire-plugin-2.18.1.pom (5.7 kB at 10 kB/s)
Downloading from central: https://repo.maven.apache.org/maven2/org/apache/maven/surefire/surefire/2.18.1/surefire-2.18.1.pom
Progress (1): 2.8/17 kBProgress (1): 5.5/17 kBProgress (1): 8.3/17 kBProgress (1): 11/17 kB Progress (1): 14/17 kBProgress (1): 17/17 kBProgress (1): 17 kB                      Downloaded from central: https://repo.maven.apache.org/maven2/org/apache/maven/surefire/surefire/2.18.1/surefire-2.18.1.pom (17 kB at 78 kB/s)
Downloading from central: https://repo.maven.apache.org/maven2/org/apache/maven/plugins/maven-surefire-plugin/2.18.1/maven-surefire-plugin-2.18.1.jar
Progress (1): 2.8/37 kBProgress (1): 5.5/37 kBProgress (1): 8.3/37 kBProgress (1): 11/37 kB Progress (1): 14/37 kBProgress (1): 17/37 kBProgress (1): 19/37 kBProgress (1): 22/37 kBProgress (1): 25/37 kBProgress (1): 28/37 kBProgress (1): 30/37 kBProgress (1): 33/37 kBProgress (1): 36/37 kBProgress (1): 37 kB                      Downloaded from central: https://repo.maven.apache.org/maven2/org/apache/maven/plugins/maven-surefire-plugin/2.18.1/maven-surefire-plugin-2.18.1.jar (37 kB at 306 kB/s)
[INFO] 
[8mha:////4JGXEJbfoO+tFsv2muN6NG0mK4FXHXHAguqjDGld6XZCAAAAYB+LCAAAAAAAAP9b85aBtbiIQSmjNKU4P0+vJLE4u1gvPjexLDVPzxdEGvvmZ+X75Zek2mxOX+vh68DGxMBQUcQgBdWQnJ9XnJ+TqucMoUEKGSCAEaSwAAAn9LoiYAAAAA==[0m[INFO] --- maven-resources-plugin:2.7:resources (default-resources) @ joda-time ---
[INFO] Using 'UTF-8' encoding to copy filtered resources.
[INFO] Copying 1 resource to META-INF
[INFO] Copying 16 resources
[INFO] 
[8mha:////4JGXEJbfoO+tFsv2muN6NG0mK4FXHXHAguqjDGld6XZCAAAAYB+LCAAAAAAAAP9b85aBtbiIQSmjNKU4P0+vJLE4u1gvPjexLDVPzxdEGvvmZ+X75Zek2mxOX+vh68DGxMBQUcQgBdWQnJ9XnJ+TqucMoUEKGSCAEaSwAAAn9LoiYAAAAA==[0m[INFO] --- maven-compiler-plugin:3.3:compile (default-compile) @ joda-time ---
[INFO] Changes detected - recompiling the module!
[INFO] Compiling 167 source files to /bitnami/jenkins/home/workspace/FinalProjectPA2579/target/classes
[INFO] 
[8mha:////4JGXEJbfoO+tFsv2muN6NG0mK4FXHXHAguqjDGld6XZCAAAAYB+LCAAAAAAAAP9b85aBtbiIQSmjNKU4P0+vJLE4u1gvPjexLDVPzxdEGvvmZ+X75Zek2mxOX+vh68DGxMBQUcQgBdWQnJ9XnJ+TqucMoUEKGSCAEaSwAAAn9LoiYAAAAA==[0m[INFO] --- exec-maven-plugin:1.4.0:java (compile-tzdb) @ joda-time ---
Writing zoneinfo files
Writing ZoneInfoMap
[INFO] 
[8mha:////4JGXEJbfoO+tFsv2muN6NG0mK4FXHXHAguqjDGld6XZCAAAAYB+LCAAAAAAAAP9b85aBtbiIQSmjNKU4P0+vJLE4u1gvPjexLDVPzxdEGvvmZ+X75Zek2mxOX+vh68DGxMBQUcQgBdWQnJ9XnJ+TqucMoUEKGSCAEaSwAAAn9LoiYAAAAA==[0m[INFO] --- maven-resources-plugin:2.7:testResources (default-testResources) @ joda-time ---
[INFO] Using 'UTF-8' encoding to copy filtered resources.
[INFO] Copying 35 resources
[INFO] 
[8mha:////4JGXEJbfoO+tFsv2muN6NG0mK4FXHXHAguqjDGld6XZCAAAAYB+LCAAAAAAAAP9b85aBtbiIQSmjNKU4P0+vJLE4u1gvPjexLDVPzxdEGvvmZ+X75Zek2mxOX+vh68DGxMBQUcQgBdWQnJ9XnJ+TqucMoUEKGSCAEaSwAAAn9LoiYAAAAA==[0m[INFO] --- maven-compiler-plugin:3.3:testCompile (default-testCompile) @ joda-time ---
[INFO] Changes detected - recompiling the module!
[INFO] Compiling 159 source files to /bitnami/jenkins/home/workspace/FinalProjectPA2579/target/test-classes
[INFO] 
[8mha:////4JGXEJbfoO+tFsv2muN6NG0mK4FXHXHAguqjDGld6XZCAAAAYB+LCAAAAAAAAP9b85aBtbiIQSmjNKU4P0+vJLE4u1gvPjexLDVPzxdEGvvmZ+X75Zek2mxOX+vh68DGxMBQUcQgBdWQnJ9XnJ+TqucMoUEKGSCAEaSwAAAn9LoiYAAAAA==[0m[INFO] --- maven-surefire-plugin:2.18.1:test (default-test) @ joda-time ---
Downloading from central: https://repo.maven.apache.org/maven2/org/apache/maven/surefire/maven-surefire-common/2.18.1/maven-surefire-common-2.18.1.pom
Progress (1): 4.1/6.3 kBProgress (1): 6.3 kB                        Downloaded from central: https://repo.maven.apache.org/maven2/org/apache/maven/surefire/maven-surefire-common/2.18.1/maven-surefire-common-2.18.1.pom (6.3 kB at 86 kB/s)
Downloading from central: https://repo.maven.apache.org/maven2/org/apache/maven/plugin-tools/maven-plugin-annotations/3.3/maven-plugin-annotations-3.3.pom
Progress (1): 1.6 kB                    Downloaded from central: https://repo.maven.apache.org/maven2/org/apache/maven/plugin-tools/maven-plugin-annotations/3.3/maven-plugin-annotations-3.3.pom (1.6 kB at 33 kB/s)
Downloading from central: https://repo.maven.apache.org/maven2/org/apache/maven/plugin-tools/maven-plugin-tools/3.3/maven-plugin-tools-3.3.pom
Progress (1): 4.1/13 kBProgress (1): 8.2/13 kBProgress (1): 12/13 kB Progress (1): 13 kB                      Downloaded from central: https://repo.maven.apache.org/maven2/org/apache/maven/plugin-tools/maven-plugin-tools/3.3/maven-plugin-tools-3.3.pom (13 kB at 239 kB/s)
Downloading from central: https://repo.maven.apache.org/maven2/org/apache/maven/surefire/surefire-api/2.18.1/surefire-api-2.18.1.pom
Progress (1): 2.3 kB                    Downloaded from central: https://repo.maven.apache.org/maven2/org/apache/maven/surefire/surefire-api/2.18.1/surefire-api-2.18.1.pom (2.3 kB at 44 kB/s)
Downloading from central: https://repo.maven.apache.org/maven2/org/apache/maven/surefire/surefire-booter/2.18.1/surefire-booter-2.18.1.pom
Progress (1): 2.9 kB                    Downloaded from central: https://repo.maven.apache.org/maven2/org/apache/maven/surefire/surefire-booter/2.18.1/surefire-booter-2.18.1.pom (2.9 kB at 46 kB/s)
Downloading from central: https://repo.maven.apache.org/maven2/org/apache/maven/reporting/maven-reporting-api/3.0/maven-reporting-api-3.0.pom
Progress (1): 2.4 kB                    Downloaded from central: https://repo.maven.apache.org/maven2/org/apache/maven/reporting/maven-reporting-api/3.0/maven-reporting-api-3.0.pom (2.4 kB at 52 kB/s)
Downloading from central: https://repo.maven.apache.org/maven2/org/apache/maven/shared/maven-shared-components/15/maven-shared-components-15.pom
Progress (1): 4.1/9.3 kBProgress (1): 8.2/9.3 kBProgress (1): 9.3 kB                        Downloaded from central: https://repo.maven.apache.org/maven2/org/apache/maven/shared/maven-shared-components/15/maven-shared-components-15.pom (9.3 kB at 212 kB/s)
Downloading from central: https://repo.maven.apache.org/maven2/org/apache/maven/maven-parent/16/maven-parent-16.pom
Progress (1): 4.1/23 kBProgress (1): 8.2/23 kBProgress (1): 12/23 kB Progress (1): 16/23 kBProgress (1): 20/23 kBProgress (1): 23 kB                      Downloaded from central: https://repo.maven.apache.org/maven2/org/apache/maven/maven-parent/16/maven-parent-16.pom (23 kB at 408 kB/s)
Downloading from central: https://repo.maven.apache.org/maven2/org/apache/apache/7/apache-7.pom
Progress (1): 4.1/14 kBProgress (1): 8.2/14 kBProgress (1): 12/14 kB Progress (1): 14 kB                      Downloaded from central: https://repo.maven.apache.org/maven2/org/apache/apache/7/apache-7.pom (14 kB at 294 kB/s)
Downloading from central: https://repo.maven.apache.org/maven2/org/apache/commons/commons-lang3/3.1/commons-lang3-3.1.pom
Progress (1): 4.1/17 kBProgress (1): 8.2/17 kBProgress (1): 12/17 kB Progress (1): 16/17 kBProgress (1): 17 kB                      Downloaded from central: https://repo.maven.apache.org/maven2/org/apache/commons/commons-lang3/3.1/commons-lang3-3.1.pom (17 kB at 334 kB/s)
Downloading from central: https://repo.maven.apache.org/maven2/org/apache/commons/commons-parent/22/commons-parent-22.pom
Progress (1): 4.1/42 kBProgress (1): 8.2/42 kBProgress (1): 12/42 kB Progress (1): 16/42 kBProgress (1): 20/42 kBProgress (1): 24/42 kBProgress (1): 28/42 kBProgress (1): 32/42 kBProgress (1): 36/42 kBProgress (1): 40/42 kBProgress (1): 42 kB                      Downloaded from central: https://repo.maven.apache.org/maven2/org/apache/commons/commons-parent/22/commons-parent-22.pom (42 kB at 822 kB/s)
Downloading from central: https://repo.maven.apache.org/maven2/org/apache/apache/9/apache-9.pom
Progress (1): 4.1/15 kBProgress (1): 8.2/15 kBProgress (1): 12/15 kB Progress (1): 15 kB                      Downloaded from central: https://repo.maven.apache.org/maven2/org/apache/apache/9/apache-9.pom (15 kB at 361 kB/s)
Downloading from central: https://repo.maven.apache.org/maven2/org/apache/maven/surefire/maven-surefire-common/2.18.1/maven-surefire-common-2.18.1.jar
Downloading from central: https://repo.maven.apache.org/maven2/org/apache/maven/surefire/surefire-booter/2.18.1/surefire-booter-2.18.1.jar
Downloading from central: https://repo.maven.apache.org/maven2/org/apache/maven/reporting/maven-reporting-api/3.0/maven-reporting-api-3.0.jar
Downloading from central: https://repo.maven.apache.org/maven2/org/apache/commons/commons-lang3/3.1/commons-lang3-3.1.jar
Downloading from central: https://repo.maven.apache.org/maven2/org/apache/maven/surefire/surefire-api/2.18.1/surefire-api-2.18.1.jar
Progress (1): 4.1/11 kBProgress (1): 8.2/11 kBProgress (1): 11 kB    Progress (2): 11 kB | 2.8/148 kBProgress (3): 11 kB | 2.8/148 kB | 2.8/274 kBProgress (3): 11 kB | 5.5/148 kB | 2.8/274 kBProgress (3): 11 kB | 8.3/148 kB | 2.8/274 kBProgress (3): 11 kB | 11/148 kB | 2.8/274 kB Progress (3): 11 kB | 14/148 kB | 2.8/274 kBProgress (3): 11 kB | 16/148 kB | 2.8/274 kBProgress (4): 11 kB | 16/148 kB | 2.8/274 kB | 2.8/40 kBProgress (4): 11 kB | 16/148 kB | 5.5/274 kB | 2.8/40 kBProgress (4): 11 kB | 20/148 kB | 5.5/274 kB | 2.8/40 kBProgress (4): 11 kB | 20/148 kB | 8.3/274 kB | 2.8/40 kBProgress (5): 11 kB | 20/148 kB | 8.3/274 kB | 2.8/40 kB | 2.8/316 kBProgress (5): 11 kB | 20/148 kB | 11/274 kB | 2.8/40 kB | 2.8/316 kB Progress (5): 11 kB | 25/148 kB | 11/274 kB | 2.8/40 kB | 2.8/316 kBProgress (5): 11 kB | 25/148 kB | 11/274 kB | 5.5/40 kB | 2.8/316 kB                                                                    Downloaded from central: https://repo.maven.apache.org/maven2/org/apache/maven/reporting/maven-reporting-api/3.0/maven-reporting-api-3.0.jar (11 kB at 112 kB/s)
Progress (4): 25/148 kB | 11/274 kB | 8.3/40 kB | 2.8/316 kBProgress (4): 25/148 kB | 14/274 kB | 8.3/40 kB | 2.8/316 kBProgress (4): 29/148 kB | 14/274 kB | 8.3/40 kB | 2.8/316 kBProgress (4): 29/148 kB | 14/274 kB | 8.3/40 kB | 5.5/316 kBProgress (4): 29/148 kB | 16/274 kB | 8.3/40 kB | 5.5/316 kBProgress (4): 29/148 kB | 16/274 kB | 8.3/40 kB | 8.3/316 kBProgress (4): 33/148 kB | 16/274 kB | 8.3/40 kB | 8.3/316 kBProgress (4): 33/148 kB | 16/274 kB | 11/40 kB | 8.3/316 kB                                                            Downloading from central: https://repo.maven.apache.org/maven2/org/apache/maven/plugin-tools/maven-plugin-annotations/3.3/maven-plugin-annotations-3.3.jar
Progress (4): 37/148 kB | 16/274 kB | 11/40 kB | 8.3/316 kBProgress (4): 37/148 kB | 19/274 kB | 11/40 kB | 8.3/316 kBProgress (4): 37/148 kB | 19/274 kB | 11/40 kB | 11/316 kB Progress (4): 41/148 kB | 19/274 kB | 11/40 kB | 11/316 kBProgress (4): 41/148 kB | 19/274 kB | 14/40 kB | 11/316 kBProgress (4): 45/148 kB | 19/274 kB | 14/40 kB | 11/316 kBProgress (4): 45/148 kB | 19/274 kB | 14/40 kB | 14/316 kBProgress (4): 45/148 kB | 22/274 kB | 14/40 kB | 14/316 kBProgress (4): 45/148 kB | 22/274 kB | 14/40 kB | 17/316 kBProgress (4): 45/148 kB | 25/274 kB | 14/40 kB | 17/316 kBProgress (4): 45/148 kB | 25/274 kB | 17/40 kB | 17/316 kBProgress (4): 49/148 kB | 25/274 kB | 17/40 kB | 17/316 kBProgress (4): 49/148 kB | 25/274 kB | 19/40 kB | 17/316 kBProgress (4): 49/148 kB | 27/274 kB | 19/40 kB | 17/316 kBProgress (4): 49/148 kB | 27/274 kB | 19/40 kB | 19/316 kBProgress (4): 49/148 kB | 27/274 kB | 22/40 kB | 19/316 kBProgress (4): 49/148 kB | 27/274 kB | 22/40 kB | 22/316 kBProgress (4): 53/148 kB | 27/274 kB | 22/40 kB | 22/316 kBProgress (4): 53/148 kB | 27/274 kB | 22/40 kB | 25/316 kBProgress (4): 53/148 kB | 27/274 kB | 25/40 kB | 25/316 kBProgress (4): 57/148 kB | 27/274 kB | 25/40 kB | 25/316 kBProgress (4): 57/148 kB | 30/274 kB | 25/40 kB | 25/316 kBProgress (4): 57/148 kB | 30/274 kB | 28/40 kB | 25/316 kBProgress (4): 57/148 kB | 30/274 kB | 28/40 kB | 28/316 kBProgress (4): 57/148 kB | 30/274 kB | 30/40 kB | 28/316 kBProgress (4): 57/148 kB | 33/274 kB | 30/40 kB | 28/316 kBProgress (4): 57/148 kB | 33/274 kB | 33/40 kB | 28/316 kBProgress (4): 61/148 kB | 33/274 kB | 33/40 kB | 28/316 kBProgress (5): 61/148 kB | 33/274 kB | 33/40 kB | 28/316 kB | 4.1/14 kBProgress (5): 61/148 kB | 36/274 kB | 33/40 kB | 28/316 kB | 4.1/14 kBProgress (5): 61/148 kB | 36/274 kB | 33/40 kB | 30/316 kB | 4.1/14 kBProgress (5): 66/148 kB | 36/274 kB | 33/40 kB | 30/316 kB | 4.1/14 kBProgress (5): 66/148 kB | 36/274 kB | 33/40 kB | 33/316 kB | 4.1/14 kBProgress (5): 66/148 kB | 38/274 kB | 33/40 kB | 33/316 kB | 4.1/14 kBProgress (5): 66/148 kB | 38/274 kB | 36/40 kB | 33/316 kB | 4.1/14 kBProgress (5): 70/148 kB | 38/274 kB | 36/40 kB | 33/316 kB | 4.1/14 kBProgress (5): 70/148 kB | 41/274 kB | 36/40 kB | 33/316 kB | 4.1/14 kBProgress (5): 70/148 kB | 41/274 kB | 36/40 kB | 33/316 kB | 8.2/14 kBProgress (5): 70/148 kB | 41/274 kB | 39/40 kB | 33/316 kB | 8.2/14 kBProgress (5): 70/148 kB | 41/274 kB | 40 kB | 33/316 kB | 8.2/14 kB   Progress (5): 70/148 kB | 41/274 kB | 40 kB | 36/316 kB | 8.2/14 kBProgress (5): 70/148 kB | 41/274 kB | 40 kB | 36/316 kB | 12/14 kB Progress (5): 70/148 kB | 44/274 kB | 40 kB | 36/316 kB | 12/14 kBProgress (5): 74/148 kB | 44/274 kB | 40 kB | 36/316 kB | 12/14 kBProgress (5): 74/148 kB | 44/274 kB | 40 kB | 36/316 kB | 14 kB   Progress (5): 74/148 kB | 47/274 kB | 40 kB | 36/316 kB | 14 kBProgress (5): 78/148 kB | 47/274 kB | 40 kB | 36/316 kB | 14 kBProgress (5): 78/148 kB | 49/274 kB | 40 kB | 36/316 kB | 14 kBProgress (5): 78/148 kB | 49/274 kB | 40 kB | 39/316 kB | 14 kBProgress (5): 78/148 kB | 49/274 kB | 40 kB | 41/316 kB | 14 kBProgress (5): 78/148 kB | 49/274 kB | 40 kB | 44/316 kB | 14 kBProgress (5): 78/148 kB | 49/274 kB | 40 kB | 47/316 kB | 14 kBProgress (5): 78/148 kB | 52/274 kB | 40 kB | 47/316 kB | 14 kBProgress (5): 78/148 kB | 52/274 kB | 40 kB | 50/316 kB | 14 kBProgress (5): 78/148 kB | 55/274 kB | 40 kB | 50/316 kB | 14 kBProgress (5): 82/148 kB | 55/274 kB | 40 kB | 50/316 kB | 14 kBProgress (5): 82/148 kB | 55/274 kB | 40 kB | 53/316 kB | 14 kBProgress (5): 86/148 kB | 55/274 kB | 40 kB | 53/316 kB | 14 kBProgress (5): 86/148 kB | 55/274 kB | 40 kB | 56/316 kB | 14 kBProgress (5): 90/148 kB | 55/274 kB | 40 kB | 56/316 kB | 14 kBProgress (5): 90/148 kB | 55/274 kB | 40 kB | 59/316 kB | 14 kBProgress (5): 94/148 kB | 55/274 kB | 40 kB | 59/316 kB | 14 kBProgress (5): 94/148 kB | 55/274 kB | 40 kB | 61/316 kB | 14 kBProgress (5): 98/148 kB | 55/274 kB | 40 kB | 61/316 kB | 14 kBProgress (5): 98/148 kB | 55/274 kB | 40 kB | 65/316 kB | 14 kBProgress (5): 102/148 kB | 55/274 kB | 40 kB | 65/316 kB | 14 kBProgress (5): 102/148 kB | 55/274 kB | 40 kB | 69/316 kB | 14 kBProgress (5): 106/148 kB | 55/274 kB | 40 kB | 69/316 kB | 14 kBProgress (5): 106/148 kB | 55/274 kB | 40 kB | 73/316 kB | 14 kBProgress (5): 106/148 kB | 58/274 kB | 40 kB | 73/316 kB | 14 kBProgress (5): 106/148 kB | 58/274 kB | 40 kB | 78/316 kB | 14 kBProgress (5): 111/148 kB | 58/274 kB | 40 kB | 78/316 kB | 14 kBProgress (5): 111/148 kB | 61/274 kB | 40 kB | 78/316 kB | 14 kBProgress (5): 111/148 kB | 61/274 kB | 40 kB | 82/316 kB | 14 kBProgress (5): 115/148 kB | 61/274 kB | 40 kB | 82/316 kB | 14 kBProgress (5): 115/148 kB | 61/274 kB | 40 kB | 86/316 kB | 14 kBProgress (5): 115/148 kB | 61/274 kB | 40 kB | 90/316 kB | 14 kBProgress (5): 115/148 kB | 63/274 kB | 40 kB | 90/316 kB | 14 kBProgress (5): 119/148 kB | 63/274 kB | 40 kB | 90/316 kB | 14 kBProgress (5): 119/148 kB | 63/274 kB | 40 kB | 94/316 kB | 14 kBProgress (5): 119/148 kB | 67/274 kB | 40 kB | 94/316 kB | 14 kBProgress (5): 123/148 kB | 67/274 kB | 40 kB | 94/316 kB | 14 kBProgress (5): 127/148 kB | 67/274 kB | 40 kB | 94/316 kB | 14 kBProgress (5): 127/148 kB | 71/274 kB | 40 kB | 94/316 kB | 14 kBProgress (5): 131/148 kB | 71/274 kB | 40 kB | 94/316 kB | 14 kBProgress (5): 131/148 kB | 71/274 kB | 40 kB | 98/316 kB | 14 kBProgress (5): 135/148 kB | 71/274 kB | 40 kB | 98/316 kB | 14 kBProgress (5): 139/148 kB | 71/274 kB | 40 kB | 98/316 kB | 14 kBProgress (5): 139/148 kB | 75/274 kB | 40 kB | 98/316 kB | 14 kBProgress (5): 139/148 kB | 75/274 kB | 40 kB | 102/316 kB | 14 kBProgress (5): 143/148 kB | 75/274 kB | 40 kB | 102/316 kB | 14 kBProgress (5): 143/148 kB | 79/274 kB | 40 kB | 102/316 kB | 14 kBProgress (5): 147/148 kB | 79/274 kB | 40 kB | 102/316 kB | 14 kBProgress (5): 147/148 kB | 79/274 kB | 40 kB | 106/316 kB | 14 kBProgress (5): 147/148 kB | 83/274 kB | 40 kB | 106/316 kB | 14 kBProgress (5): 148 kB | 83/274 kB | 40 kB | 106/316 kB | 14 kB    Progress (5): 148 kB | 87/274 kB | 40 kB | 106/316 kB | 14 kBProgress (5): 148 kB | 87/274 kB | 40 kB | 110/316 kB | 14 kBProgress (5): 148 kB | 91/274 kB | 40 kB | 110/316 kB | 14 kBProgress (5): 148 kB | 95/274 kB | 40 kB | 110/316 kB | 14 kBProgress (5): 148 kB | 95/274 kB | 40 kB | 114/316 kB | 14 kBProgress (5): 148 kB | 95/274 kB | 40 kB | 118/316 kB | 14 kBProgress (5): 148 kB | 95/274 kB | 40 kB | 123/316 kB | 14 kBProgress (5): 148 kB | 95/274 kB | 40 kB | 127/316 kB | 14 kBProgress (5): 148 kB | 100/274 kB | 40 kB | 127/316 kB | 14 kBProgress (5): 148 kB | 104/274 kB | 40 kB | 127/316 kB | 14 kBProgress (5): 148 kB | 108/274 kB | 40 kB | 127/316 kB | 14 kBProgress (5): 148 kB | 112/274 kB | 40 kB | 127/316 kB | 14 kBProgress (5): 148 kB | 116/274 kB | 40 kB | 127/316 kB | 14 kBProgress (5): 148 kB | 120/274 kB | 40 kB | 127/316 kB | 14 kBProgress (5): 148 kB | 120/274 kB | 40 kB | 131/316 kB | 14 kBProgress (5): 148 kB | 120/274 kB | 40 kB | 135/316 kB | 14 kBProgress (5): 148 kB | 124/274 kB | 40 kB | 135/316 kB | 14 kBProgress (5): 148 kB | 124/274 kB | 40 kB | 139/316 kB | 14 kBProgress (5): 148 kB | 128/274 kB | 40 kB | 139/316 kB | 14 kBProgress (5): 148 kB | 128/274 kB | 40 kB | 143/316 kB | 14 kBProgress (5): 148 kB | 132/274 kB | 40 kB | 143/316 kB | 14 kBProgress (5): 148 kB | 132/274 kB | 40 kB | 147/316 kB | 14 kBProgress (5): 148 kB | 132/274 kB | 40 kB | 151/316 kB | 14 kB                                                              Downloaded from central: https://repo.maven.apache.org/maven2/org/apache/maven/surefire/surefire-booter/2.18.1/surefire-booter-2.18.1.jar (40 kB at 157 kB/s)
Progress (4): 148 kB | 132/274 kB | 155/316 kB | 14 kBProgress (4): 148 kB | 132/274 kB | 159/316 kB | 14 kBProgress (4): 148 kB | 136/274 kB | 159/316 kB | 14 kBProgress (4): 148 kB | 136/274 kB | 164/316 kB | 14 kBProgress (4): 148 kB | 140/274 kB | 164/316 kB | 14 kBProgress (4): 148 kB | 145/274 kB | 164/316 kB | 14 kBProgress (4): 148 kB | 149/274 kB | 164/316 kB | 14 kBProgress (4): 148 kB | 153/274 kB | 164/316 kB | 14 kBProgress (4): 148 kB | 157/274 kB | 164/316 kB | 14 kBProgress (4): 148 kB | 161/274 kB | 164/316 kB | 14 kBProgress (4): 148 kB | 165/274 kB | 164/316 kB | 14 kBProgress (4): 148 kB | 169/274 kB | 164/316 kB | 14 kB                                                      Downloaded from central: https://repo.maven.apache.org/maven2/org/apache/maven/plugin-tools/maven-plugin-annotations/3.3/maven-plugin-annotations-3.3.jar (14 kB at 52 kB/s)
Progress (3): 148 kB | 169/274 kB | 168/316 kBProgress (3): 148 kB | 173/274 kB | 168/316 kBProgress (3): 148 kB | 177/274 kB | 168/316 kBProgress (3): 148 kB | 177/274 kB | 172/316 kBProgress (3): 148 kB | 177/274 kB | 176/316 kBProgress (3): 148 kB | 181/274 kB | 176/316 kBProgress (3): 148 kB | 186/274 kB | 176/316 kBProgress (3): 148 kB | 186/274 kB | 180/316 kBProgress (3): 148 kB | 190/274 kB | 180/316 kBProgress (3): 148 kB | 190/274 kB | 184/316 kBProgress (3): 148 kB | 194/274 kB | 184/316 kBProgress (3): 148 kB | 194/274 kB | 188/316 kBProgress (3): 148 kB | 198/274 kB | 188/316 kBProgress (3): 148 kB | 198/274 kB | 192/316 kBProgress (3): 148 kB | 202/274 kB | 192/316 kBProgress (3): 148 kB | 202/274 kB | 196/316 kBProgress (3): 148 kB | 206/274 kB | 196/316 kBProgress (3): 148 kB | 206/274 kB | 200/316 kBProgress (3): 148 kB | 210/274 kB | 200/316 kBProgress (3): 148 kB | 210/274 kB | 204/316 kBProgress (3): 148 kB | 210/274 kB | 209/316 kBProgress (3): 148 kB | 214/274 kB | 209/316 kBProgress (3): 148 kB | 218/274 kB | 209/316 kBProgress (3): 148 kB | 218/274 kB | 213/316 kBProgress (3): 148 kB | 222/274 kB | 213/316 kBProgress (3): 148 kB | 222/274 kB | 217/316 kBProgress (3): 148 kB | 226/274 kB | 217/316 kBProgress (3): 148 kB | 226/274 kB | 221/316 kBProgress (3): 148 kB | 226/274 kB | 225/316 kBProgress (3): 148 kB | 231/274 kB | 225/316 kBProgress (3): 148 kB | 235/274 kB | 225/316 kBProgress (3): 148 kB | 235/274 kB | 229/316 kBProgress (3): 148 kB | 239/274 kB | 229/316 kBProgress (3): 148 kB | 239/274 kB | 233/316 kBProgress (3): 148 kB | 243/274 kB | 233/316 kBProgress (3): 148 kB | 243/274 kB | 237/316 kBProgress (3): 148 kB | 243/274 kB | 241/316 kBProgress (3): 148 kB | 247/274 kB | 241/316 kBProgress (3): 148 kB | 251/274 kB | 241/316 kBProgress (3): 148 kB | 255/274 kB | 241/316 kBProgress (3): 148 kB | 259/274 kB | 241/316 kBProgress (3): 148 kB | 263/274 kB | 241/316 kBProgress (3): 148 kB | 263/274 kB | 245/316 kBProgress (3): 148 kB | 267/274 kB | 245/316 kBProgress (3): 148 kB | 272/274 kB | 245/316 kBProgress (3): 148 kB | 272/274 kB | 250/316 kBProgress (3): 148 kB | 274 kB | 250/316 kB    Progress (3): 148 kB | 274 kB | 254/316 kBProgress (3): 148 kB | 274 kB | 258/316 kBProgress (3): 148 kB | 274 kB | 262/316 kBProgress (3): 148 kB | 274 kB | 266/316 kBProgress (3): 148 kB | 274 kB | 270/316 kBProgress (3): 148 kB | 274 kB | 274/316 kBProgress (3): 148 kB | 274 kB | 278/316 kBProgress (3): 148 kB | 274 kB | 282/316 kBProgress (3): 148 kB | 274 kB | 286/316 kBProgress (3): 148 kB | 274 kB | 290/316 kBProgress (3): 148 kB | 274 kB | 295/316 kBProgress (3): 148 kB | 274 kB | 299/316 kBProgress (3): 148 kB | 274 kB | 303/316 kBProgress (3): 148 kB | 274 kB | 307/316 kBProgress (3): 148 kB | 274 kB | 311/316 kBProgress (3): 148 kB | 274 kB | 315/316 kBProgress (3): 148 kB | 274 kB | 316 kB                                          Downloaded from central: https://repo.maven.apache.org/maven2/org/apache/maven/surefire/surefire-api/2.18.1/surefire-api-2.18.1.jar (148 kB at 448 kB/s)
Downloaded from central: https://repo.maven.apache.org/maven2/org/apache/maven/surefire/maven-surefire-common/2.18.1/maven-surefire-common-2.18.1.jar (274 kB at 775 kB/s)
Downloaded from central: https://repo.maven.apache.org/maven2/org/apache/commons/commons-lang3/3.1/commons-lang3-3.1.jar (316 kB at 858 kB/s)
[INFO] Surefire report directory: /bitnami/jenkins/home/workspace/FinalProjectPA2579/target/surefire-reports
Downloading from central: https://repo.maven.apache.org/maven2/org/apache/maven/surefire/surefire-junit4/2.18.1/surefire-junit4-2.18.1.pom
Progress (1): 2.5 kB                    Downloaded from central: https://repo.maven.apache.org/maven2/org/apache/maven/surefire/surefire-junit4/2.18.1/surefire-junit4-2.18.1.pom (2.5 kB at 47 kB/s)
Downloading from central: https://repo.maven.apache.org/maven2/org/apache/maven/surefire/surefire-providers/2.18.1/surefire-providers-2.18.1.pom
Progress (1): 2.5 kB                    Downloaded from central: https://repo.maven.apache.org/maven2/org/apache/maven/surefire/surefire-providers/2.18.1/surefire-providers-2.18.1.pom (2.5 kB at 55 kB/s)
Downloading from central: https://repo.maven.apache.org/maven2/org/apache/maven/surefire/surefire-junit4/2.18.1/surefire-junit4-2.18.1.jar
Progress (1): 4.1/68 kBProgress (1): 8.2/68 kBProgress (1): 12/68 kB Progress (1): 16/68 kBProgress (1): 20/68 kBProgress (1): 25/68 kBProgress (1): 29/68 kBProgress (1): 33/68 kBProgress (1): 37/68 kBProgress (1): 41/68 kBProgress (1): 45/68 kBProgress (1): 49/68 kBProgress (1): 53/68 kBProgress (1): 57/68 kBProgress (1): 61/68 kBProgress (1): 66/68 kBProgress (1): 68 kB                      Downloaded from central: https://repo.maven.apache.org/maven2/org/apache/maven/surefire/surefire-junit4/2.18.1/surefire-junit4-2.18.1.jar (68 kB at 1.2 MB/s)

-------------------------------------------------------
 T E S T S
-------------------------------------------------------
Running org.joda.time.TestAllPackages
WARNING: A terminally deprecated method in java.lang.System has been called
WARNING: System::setSecurityManager has been called by org.joda.time.TestDateTimeZone (file:/bitnami/jenkins/home/workspace/FinalProjectPA2579/target/test-classes/)
WARNING: Please consider reporting this to the maintainers of org.joda.time.TestDateTimeZone
WARNING: System::setSecurityManager will be removed in a future release
Tests run: 2999, Failures: 6, Errors: 0, Skipped: 0, Time elapsed: 3.588 sec <<< FAILURE! - in org.joda.time.TestAllPackages
testPropertyGetMonthOfYear(org.joda.time.TestDateTime_Properties)  Time elapsed: 0.018 sec  <<< FAILURE!
junit.framework.AssertionFailedError: expected:<3> but was:<4>
	at junit.framework.Assert.fail(Assert.java:57)
	at junit.framework.Assert.failNotEquals(Assert.java:329)
	at junit.framework.Assert.assertEquals(Assert.java:78)
	at junit.framework.Assert.assertEquals(Assert.java:234)
	at junit.framework.Assert.assertEquals(Assert.java:241)
	at junit.framework.TestCase.assertEquals(TestCase.java:409)
	at org.joda.time.TestDateTime_Properties.testPropertyGetMonthOfYear(TestDateTime_Properties.java:359)

testPropertyGetMonthOfYear(org.joda.time.TestMutableDateTime_Properties)  Time elapsed: 0 sec  <<< FAILURE!
junit.framework.AssertionFailedError: expected:<3> but was:<4>
	at junit.framework.Assert.fail(Assert.java:57)
	at junit.framework.Assert.failNotEquals(Assert.java:329)
	at junit.framework.Assert.assertEquals(Assert.java:78)
	at junit.framework.Assert.assertEquals(Assert.java:234)
	at junit.framework.Assert.assertEquals(Assert.java:241)
	at junit.framework.TestCase.assertEquals(TestCase.java:409)
	at org.joda.time.TestMutableDateTime_Properties.testPropertyGetMonthOfYear(TestMutableDateTime_Properties.java:245)

testPropertyGetMonthOfYear(org.joda.time.TestDateMidnight_Properties)  Time elapsed: 0.001 sec  <<< FAILURE!
junit.framework.AssertionFailedError: expected:<3> but was:<4>
	at junit.framework.Assert.fail(Assert.java:57)
	at junit.framework.Assert.failNotEquals(Assert.java:329)
	at junit.framework.Assert.assertEquals(Assert.java:78)
	at junit.framework.Assert.assertEquals(Assert.java:234)
	at junit.framework.Assert.assertEquals(Assert.java:241)
	at junit.framework.TestCase.assertEquals(TestCase.java:409)
	at org.joda.time.TestDateMidnight_Properties.testPropertyGetMonthOfYear(TestDateMidnight_Properties.java:236)

testPropertyGetMonthOfYear(org.joda.time.TestMonthDay_Properties)  Time elapsed: 0.003 sec  <<< FAILURE!
junit.framework.ComparisonFailure: expected:<Sep[]> but was:<Sep[t]>
	at junit.framework.Assert.assertEquals(Assert.java:100)
	at junit.framework.Assert.assertEquals(Assert.java:107)
	at junit.framework.TestCase.assertEquals(TestCase.java:269)
	at org.joda.time.TestMonthDay_Properties.testPropertyGetMonthOfYear(TestMonthDay_Properties.java:91)

testGetName_berlin_english(org.joda.time.TestDateTimeZone)  Time elapsed: 0.015 sec  <<< FAILURE!
junit.framework.ComparisonFailure: expected:<Central European []Time> but was:<Central European [Standard ]Time>
	at junit.framework.Assert.assertEquals(Assert.java:100)
	at junit.framework.Assert.assertEquals(Assert.java:107)
	at junit.framework.TestCase.assertEquals(TestCase.java:269)
	at org.joda.time.TestDateTimeZone.testGetName_berlin_english(TestDateTimeZone.java:813)

testGetName_berlin_german(org.joda.time.TestDateTimeZone)  Time elapsed: 0.028 sec  <<< FAILURE!
junit.framework.ComparisonFailure: expected:<Mitteleurop?ische [Z]eit> but was:<Mitteleurop?ische [Normalz]eit>
	at junit.framework.Assert.assertEquals(Assert.java:100)
	at junit.framework.Assert.assertEquals(Assert.java:107)
	at junit.framework.TestCase.assertEquals(TestCase.java:269)
	at org.joda.time.TestDateTimeZone.testGetName_berlin_german(TestDateTimeZone.java:824)


Results :

Failed tests: 
  TestDateMidnight_Properties.testPropertyGetMonthOfYear:236 expected:<3> but was:<4>
  TestDateTimeZone.testGetName_berlin_english:813 expected:<Central European []Time> but was:<Central European [Standard ]Time>
  TestDateTimeZone.testGetName_berlin_german:824 expected:<Mitteleurop?ische [Z]eit> but was:<Mitteleurop?ische [Normalz]eit>
  TestDateTime_Properties.testPropertyGetMonthOfYear:359 expected:<3> but was:<4>
  TestMonthDay_Properties.testPropertyGetMonthOfYear:91 expected:<Sep[]> but was:<Sep[t]>
  TestMutableDateTime_Properties.testPropertyGetMonthOfYear:245 expected:<3> but was:<4>

Tests run: 2999, Failures: 6, Errors: 0, Skipped: 0

[INFO] ------------------------------------------------------------------------
[INFO] BUILD FAILURE
[INFO] ------------------------------------------------------------------------
[INFO] Total time:  02:32 min
[INFO] Finished at: 2024-07-15T01:50:57Z
[INFO] ------------------------------------------------------------------------
[8mha:////4ODdgiwHv9EMkmvktFtdZK8VVAXZRL/SlRzNHVCOucLxAAAAYB+LCAAAAAAAAP9b85aBtbiIQSmjNKU4P0+vJLE4u1gvPjexLDVPzxdEuhYV5Rf55Zek1m9pfpLfVWLNxMBQUcQgBdWQnJ9XnJ+TqucMoUEKGSCAEaSwAABqVhoSYAAAAA==[0m[ERROR] Failed to execute goal org.apache.maven.plugins:maven-surefire-plugin:2.18.1:test (default-test) on project joda-time: There are test failures.
[8mha:////4ODdgiwHv9EMkmvktFtdZK8VVAXZRL/SlRzNHVCOucLxAAAAYB+LCAAAAAAAAP9b85aBtbiIQSmjNKU4P0+vJLE4u1gvPjexLDVPzxdEuhYV5Rf55Zek1m9pfpLfVWLNxMBQUcQgBdWQnJ9XnJ+TqucMoUEKGSCAEaSwAABqVhoSYAAAAA==[0m[ERROR] 
[8mha:////4ODdgiwHv9EMkmvktFtdZK8VVAXZRL/SlRzNHVCOucLxAAAAYB+LCAAAAAAAAP9b85aBtbiIQSmjNKU4P0+vJLE4u1gvPjexLDVPzxdEuhYV5Rf55Zek1m9pfpLfVWLNxMBQUcQgBdWQnJ9XnJ+TqucMoUEKGSCAEaSwAABqVhoSYAAAAA==[0m[ERROR] Please refer to /bitnami/jenkins/home/workspace/FinalProjectPA2579/target/surefire-reports for the individual test results.
[8mha:////4ODdgiwHv9EMkmvktFtdZK8VVAXZRL/SlRzNHVCOucLxAAAAYB+LCAAAAAAAAP9b85aBtbiIQSmjNKU4P0+vJLE4u1gvPjexLDVPzxdEuhYV5Rf55Zek1m9pfpLfVWLNxMBQUcQgBdWQnJ9XnJ+TqucMoUEKGSCAEaSwAABqVhoSYAAAAA==[0m[ERROR] -> [Help 1]
[8mha:////4ODdgiwHv9EMkmvktFtdZK8VVAXZRL/SlRzNHVCOucLxAAAAYB+LCAAAAAAAAP9b85aBtbiIQSmjNKU4P0+vJLE4u1gvPjexLDVPzxdEuhYV5Rf55Zek1m9pfpLfVWLNxMBQUcQgBdWQnJ9XnJ+TqucMoUEKGSCAEaSwAABqVhoSYAAAAA==[0m[ERROR] 
[8mha:////4ODdgiwHv9EMkmvktFtdZK8VVAXZRL/SlRzNHVCOucLxAAAAYB+LCAAAAAAAAP9b85aBtbiIQSmjNKU4P0+vJLE4u1gvPjexLDVPzxdEuhYV5Rf55Zek1m9pfpLfVWLNxMBQUcQgBdWQnJ9XnJ+TqucMoUEKGSCAEaSwAABqVhoSYAAAAA==[0m[ERROR] To see the full stack trace of the errors, re-run Maven with the -e switch.
[8mha:////4ODdgiwHv9EMkmvktFtdZK8VVAXZRL/SlRzNHVCOucLxAAAAYB+LCAAAAAAAAP9b85aBtbiIQSmjNKU4P0+vJLE4u1gvPjexLDVPzxdEuhYV5Rf55Zek1m9pfpLfVWLNxMBQUcQgBdWQnJ9XnJ+TqucMoUEKGSCAEaSwAABqVhoSYAAAAA==[0m[ERROR] Re-run Maven using the -X switch to enable full debug logging.
[8mha:////4ODdgiwHv9EMkmvktFtdZK8VVAXZRL/SlRzNHVCOucLxAAAAYB+LCAAAAAAAAP9b85aBtbiIQSmjNKU4P0+vJLE4u1gvPjexLDVPzxdEuhYV5Rf55Zek1m9pfpLfVWLNxMBQUcQgBdWQnJ9XnJ+TqucMoUEKGSCAEaSwAABqVhoSYAAAAA==[0m[ERROR] 
[8mha:////4ODdgiwHv9EMkmvktFtdZK8VVAXZRL/SlRzNHVCOucLxAAAAYB+LCAAAAAAAAP9b85aBtbiIQSmjNKU4P0+vJLE4u1gvPjexLDVPzxdEuhYV5Rf55Zek1m9pfpLfVWLNxMBQUcQgBdWQnJ9XnJ+TqucMoUEKGSCAEaSwAABqVhoSYAAAAA==[0m[ERROR] For more information about the errors and possible solutions, please read the following articles:
[8mha:////4ODdgiwHv9EMkmvktFtdZK8VVAXZRL/SlRzNHVCOucLxAAAAYB+LCAAAAAAAAP9b85aBtbiIQSmjNKU4P0+vJLE4u1gvPjexLDVPzxdEuhYV5Rf55Zek1m9pfpLfVWLNxMBQUcQgBdWQnJ9XnJ+TqucMoUEKGSCAEaSwAABqVhoSYAAAAA==[0m[ERROR] [Help 1] http://cwiki.apache.org/confluence/display/MAVEN/MojoFailureException
Build step 'Invoke top-level Maven targets' marked build as failure
Finished: FAILURE
