Started by user [8mha:////4PdMHJt/HODzC8rWp4yqU6iKRaY6X+Wg2r8Qui3qD8+dAAAAkx+LCAAAAAAAAP9b85aBtbiIQTGjNKU4P08vOT+vOD8nVc83PyU1x6OyILUoJzMv2y+/JJUBAhiZGBgqihhk0NSjKDWzXb3RdlLBUSYGJk8GtpzUvPSSDB8G5tKinBIGIZ+sxLJE/ZzEvHT94JKizLx0a6BxUmjGOUNodHsLgAyWEgYu/dLi1CIwAQDYegtJvwAAAA==[0muser
Running as SYSTEM
Building in workspace /bitnami/jenkins/home/workspace/FinalProjectPA2579
The recommended git tool is: NONE
No credentials specified
 > git rev-parse --resolve-git-dir /bitnami/jenkins/home/workspace/FinalProjectPA2579/.git # timeout=10
Fetching changes from the remote Git repository
 > git config remote.origin.url https://github.com/SpikeStriker/lecture_ci.git # timeout=10
Fetching upstream changes from https://github.com/SpikeStriker/lecture_ci.git
 > git --version # timeout=10
 > git --version # 'git version 2.39.2'
 > git fetch --tags --force --progress -- https://github.com/SpikeStriker/lecture_ci.git +refs/heads/*:refs/remotes/origin/* # timeout=10
 > git rev-parse refs/remotes/origin/master^{commit} # timeout=10
Checking out Revision 6c7969c43ee05015db3515f27545ff986541b384 (refs/remotes/origin/master)
 > git config core.sparsecheckout # timeout=10
 > git checkout -f 6c7969c43ee05015db3515f27545ff986541b384 # timeout=10
Commit message: "limiting tests for faster iterations"
 > git rev-list --no-walk 6c7969c43ee05015db3515f27545ff986541b384 # timeout=10
[FinalProjectPA2579] $ /opt/apache-maven-3.8.8/bin/mvn clean emma:emma test
[INFO] Scanning for projects...
[8mha:////4NJa7BiBQ/TirdH+Xe1c6eGAyP7GotoVJSvjRzuEVInwAAAAYh+LCAAAAAAAAP9b85aBtbiIQSWjNKU4P0+vJLE4u1gvPjexLDVPzxdEhicW5WXmpfvll6SeOJwgmrt9CSsTA0NFEYMUVEtyfl5xfk6qnjOEBilkgABGkMICAEQzmI1iAAAA[0m[WARNING] 
[8mha:////4NJa7BiBQ/TirdH+Xe1c6eGAyP7GotoVJSvjRzuEVInwAAAAYh+LCAAAAAAAAP9b85aBtbiIQSWjNKU4P0+vJLE4u1gvPjexLDVPzxdEhicW5WXmpfvll6SeOJwgmrt9CSsTA0NFEYMUVEtyfl5xfk6qnjOEBilkgABGkMICAEQzmI1iAAAA[0m[WARNING] Some problems were encountered while building the effective model for joda-time:joda-time:jar:2.9.9
[8mha:////4NJa7BiBQ/TirdH+Xe1c6eGAyP7GotoVJSvjRzuEVInwAAAAYh+LCAAAAAAAAP9b85aBtbiIQSWjNKU4P0+vJLE4u1gvPjexLDVPzxdEhicW5WXmpfvll6SeOJwgmrt9CSsTA0NFEYMUVEtyfl5xfk6qnjOEBilkgABGkMICAEQzmI1iAAAA[0m[WARNING] 'build.plugins.plugin.version' for org.openclover:clover-maven-plugin is missing. @ line 343, column 12
[8mha:////4NJa7BiBQ/TirdH+Xe1c6eGAyP7GotoVJSvjRzuEVInwAAAAYh+LCAAAAAAAAP9b85aBtbiIQSWjNKU4P0+vJLE4u1gvPjexLDVPzxdEhicW5WXmpfvll6SeOJwgmrt9CSsTA0NFEYMUVEtyfl5xfk6qnjOEBilkgABGkMICAEQzmI1iAAAA[0m[WARNING] 
[8mha:////4NJa7BiBQ/TirdH+Xe1c6eGAyP7GotoVJSvjRzuEVInwAAAAYh+LCAAAAAAAAP9b85aBtbiIQSWjNKU4P0+vJLE4u1gvPjexLDVPzxdEhicW5WXmpfvll6SeOJwgmrt9CSsTA0NFEYMUVEtyfl5xfk6qnjOEBilkgABGkMICAEQzmI1iAAAA[0m[WARNING] It is highly recommended to fix these problems because they threaten the stability of your build.
[8mha:////4NJa7BiBQ/TirdH+Xe1c6eGAyP7GotoVJSvjRzuEVInwAAAAYh+LCAAAAAAAAP9b85aBtbiIQSWjNKU4P0+vJLE4u1gvPjexLDVPzxdEhicW5WXmpfvll6SeOJwgmrt9CSsTA0NFEYMUVEtyfl5xfk6qnjOEBilkgABGkMICAEQzmI1iAAAA[0m[WARNING] 
[8mha:////4NJa7BiBQ/TirdH+Xe1c6eGAyP7GotoVJSvjRzuEVInwAAAAYh+LCAAAAAAAAP9b85aBtbiIQSWjNKU4P0+vJLE4u1gvPjexLDVPzxdEhicW5WXmpfvll6SeOJwgmrt9CSsTA0NFEYMUVEtyfl5xfk6qnjOEBilkgABGkMICAEQzmI1iAAAA[0m[WARNING] For this reason, future Maven versions might no longer support building such malformed projects.
[8mha:////4NJa7BiBQ/TirdH+Xe1c6eGAyP7GotoVJSvjRzuEVInwAAAAYh+LCAAAAAAAAP9b85aBtbiIQSWjNKU4P0+vJLE4u1gvPjexLDVPzxdEhicW5WXmpfvll6SeOJwgmrt9CSsTA0NFEYMUVEtyfl5xfk6qnjOEBilkgABGkMICAEQzmI1iAAAA[0m[WARNING] 
[8mha:////4NJa7BiBQ/TirdH+Xe1c6eGAyP7GotoVJSvjRzuEVInwAAAAYh+LCAAAAAAAAP9b85aBtbiIQSWjNKU4P0+vJLE4u1gvPjexLDVPzxdEhicW5WXmpfvll6SeOJwgmrt9CSsTA0NFEYMUVEtyfl5xfk6qnjOEBilkgABGkMICAEQzmI1iAAAA[0m[WARNING] The project joda-time:joda-time:jar:2.9.9 uses prerequisites which is only intended for maven-plugin projects but not for non maven-plugin projects. For such purposes you should use the maven-enforcer-plugin. See https://maven.apache.org/enforcer/enforcer-rules/requireMavenVersion.html
[8mha:////4NJa7BiBQ/TirdH+Xe1c6eGAyP7GotoVJSvjRzuEVInwAAAAYh+LCAAAAAAAAP9b85aBtbiIQSWjNKU4P0+vJLE4u1gvPjexLDVPzxdEhicW5WXmpfvll6SeOJwgmrt9CSsTA0NFEYMUVEtyfl5xfk6qnjOEBilkgABGkMICAEQzmI1iAAAA[0m[WARNING] The POM for org.eclipse.m2e:lifecycle-mapping:jar:1.0.0 is missing, no dependency information available
[8mha:////4NJa7BiBQ/TirdH+Xe1c6eGAyP7GotoVJSvjRzuEVInwAAAAYh+LCAAAAAAAAP9b85aBtbiIQSWjNKU4P0+vJLE4u1gvPjexLDVPzxdEhicW5WXmpfvll6SeOJwgmrt9CSsTA0NFEYMUVEtyfl5xfk6qnjOEBilkgABGkMICAEQzmI1iAAAA[0m[WARNING] Failed to retrieve plugin descriptor for org.eclipse.m2e:lifecycle-mapping:1.0.0: Plugin org.eclipse.m2e:lifecycle-mapping:1.0.0 or one of its dependencies could not be resolved: org.eclipse.m2e:lifecycle-mapping:jar:1.0.0 was not found in https://repo.maven.apache.org/maven2 during a previous attempt. This failure was cached in the local repository and resolution is not reattempted until the update interval of central has elapsed or updates are forced
[INFO] 
[INFO] ------------------------< joda-time:joda-time >-------------------------
[INFO] Building Joda-Time 2.9.9
[INFO]   from pom.xml
[INFO] --------------------------------[ jar ]---------------------------------
[8mha:////4NJa7BiBQ/TirdH+Xe1c6eGAyP7GotoVJSvjRzuEVInwAAAAYh+LCAAAAAAAAP9b85aBtbiIQSWjNKU4P0+vJLE4u1gvPjexLDVPzxdEhicW5WXmpfvll6SeOJwgmrt9CSsTA0NFEYMUVEtyfl5xfk6qnjOEBilkgABGkMICAEQzmI1iAAAA[0m[WARNING] The POM for org.eclipse.m2e:lifecycle-mapping:jar:1.0.0 is missing, no dependency information available
[8mha:////4NJa7BiBQ/TirdH+Xe1c6eGAyP7GotoVJSvjRzuEVInwAAAAYh+LCAAAAAAAAP9b85aBtbiIQSWjNKU4P0+vJLE4u1gvPjexLDVPzxdEhicW5WXmpfvll6SeOJwgmrt9CSsTA0NFEYMUVEtyfl5xfk6qnjOEBilkgABGkMICAEQzmI1iAAAA[0m[WARNING] Failed to retrieve plugin descriptor for org.eclipse.m2e:lifecycle-mapping:1.0.0: Plugin org.eclipse.m2e:lifecycle-mapping:1.0.0 or one of its dependencies could not be resolved: org.eclipse.m2e:lifecycle-mapping:jar:1.0.0 was not found in https://repo.maven.apache.org/maven2 during a previous attempt. This failure was cached in the local repository and resolution is not reattempted until the update interval of central has elapsed or updates are forced
[INFO] 
[8mha:////4JGXEJbfoO+tFsv2muN6NG0mK4FXHXHAguqjDGld6XZCAAAAYB+LCAAAAAAAAP9b85aBtbiIQSmjNKU4P0+vJLE4u1gvPjexLDVPzxdEGvvmZ+X75Zek2mxOX+vh68DGxMBQUcQgBdWQnJ9XnJ+TqucMoUEKGSCAEaSwAAAn9LoiYAAAAA==[0m[INFO] --- maven-clean-plugin:2.6.1:clean (default-clean) @ joda-time ---
[INFO] Deleting /bitnami/jenkins/home/workspace/FinalProjectPA2579/target
[INFO] 
[INFO] >>> emma-maven-plugin:1.0-alpha-3:emma (default-cli) > [emma]test @ joda-time >>>
[INFO] 
[8mha:////4JGXEJbfoO+tFsv2muN6NG0mK4FXHXHAguqjDGld6XZCAAAAYB+LCAAAAAAAAP9b85aBtbiIQSmjNKU4P0+vJLE4u1gvPjexLDVPzxdEGvvmZ+X75Zek2mxOX+vh68DGxMBQUcQgBdWQnJ9XnJ+TqucMoUEKGSCAEaSwAAAn9LoiYAAAAA==[0m[INFO] --- maven-resources-plugin:2.7:resources (default-resources) @ joda-time ---
[INFO] Using 'UTF-8' encoding to copy filtered resources.
[INFO] Copying 1 resource to META-INF
[INFO] Copying 16 resources
[INFO] 
[8mha:////4JGXEJbfoO+tFsv2muN6NG0mK4FXHXHAguqjDGld6XZCAAAAYB+LCAAAAAAAAP9b85aBtbiIQSmjNKU4P0+vJLE4u1gvPjexLDVPzxdEGvvmZ+X75Zek2mxOX+vh68DGxMBQUcQgBdWQnJ9XnJ+TqucMoUEKGSCAEaSwAAAn9LoiYAAAAA==[0m[INFO] --- maven-compiler-plugin:3.3:compile (default-compile) @ joda-time ---
[INFO] Changes detected - recompiling the module!
[INFO] Compiling 167 source files to /bitnami/jenkins/home/workspace/FinalProjectPA2579/target/classes
[INFO] 
[8mha:////4JGXEJbfoO+tFsv2muN6NG0mK4FXHXHAguqjDGld6XZCAAAAYB+LCAAAAAAAAP9b85aBtbiIQSmjNKU4P0+vJLE4u1gvPjexLDVPzxdEGvvmZ+X75Zek2mxOX+vh68DGxMBQUcQgBdWQnJ9XnJ+TqucMoUEKGSCAEaSwAAAn9LoiYAAAAA==[0m[INFO] --- exec-maven-plugin:1.4.0:java (compile-tzdb) @ joda-time ---
Writing zoneinfo files
Writing ZoneInfoMap
[INFO] 
[8mha:////4JGXEJbfoO+tFsv2muN6NG0mK4FXHXHAguqjDGld6XZCAAAAYB+LCAAAAAAAAP9b85aBtbiIQSmjNKU4P0+vJLE4u1gvPjexLDVPzxdEGvvmZ+X75Zek2mxOX+vh68DGxMBQUcQgBdWQnJ9XnJ+TqucMoUEKGSCAEaSwAAAn9LoiYAAAAA==[0m[INFO] --- emma-maven-plugin:1.0-alpha-3:instrument (default-cli) @ joda-time ---
[INFO] Instrumenting classes with EMMA
processing instrumentation path ...
instrumentation path processed in 13079 ms
[222 class(es) instrumented, 510 resource(s) copied]
metadata merged into [/bitnami/jenkins/home/workspace/FinalProjectPA2579/target/coverage.em] {in 94 ms}
[INFO] 
[8mha:////4JGXEJbfoO+tFsv2muN6NG0mK4FXHXHAguqjDGld6XZCAAAAYB+LCAAAAAAAAP9b85aBtbiIQSmjNKU4P0+vJLE4u1gvPjexLDVPzxdEGvvmZ+X75Zek2mxOX+vh68DGxMBQUcQgBdWQnJ9XnJ+TqucMoUEKGSCAEaSwAAAn9LoiYAAAAA==[0m[INFO] --- maven-resources-plugin:2.7:testResources (default-testResources) @ joda-time ---
[INFO] Using 'UTF-8' encoding to copy filtered resources.
[INFO] Copying 35 resources
[INFO] 
[8mha:////4JGXEJbfoO+tFsv2muN6NG0mK4FXHXHAguqjDGld6XZCAAAAYB+LCAAAAAAAAP9b85aBtbiIQSmjNKU4P0+vJLE4u1gvPjexLDVPzxdEGvvmZ+X75Zek2mxOX+vh68DGxMBQUcQgBdWQnJ9XnJ+TqucMoUEKGSCAEaSwAAAn9LoiYAAAAA==[0m[INFO] --- maven-compiler-plugin:3.3:testCompile (default-testCompile) @ joda-time ---
[INFO] Changes detected - recompiling the module!
[INFO] Compiling 159 source files to /bitnami/jenkins/home/workspace/FinalProjectPA2579/target/test-classes
[INFO] 
[8mha:////4JGXEJbfoO+tFsv2muN6NG0mK4FXHXHAguqjDGld6XZCAAAAYB+LCAAAAAAAAP9b85aBtbiIQSmjNKU4P0+vJLE4u1gvPjexLDVPzxdEGvvmZ+X75Zek2mxOX+vh68DGxMBQUcQgBdWQnJ9XnJ+TqucMoUEKGSCAEaSwAAAn9LoiYAAAAA==[0m[INFO] --- maven-surefire-plugin:2.18.1:test (default-test) @ joda-time ---
[INFO] Surefire report directory: /bitnami/jenkins/home/workspace/FinalProjectPA2579/target/surefire-reports

-------------------------------------------------------
 T E S T S
-------------------------------------------------------
Running org.joda.time.TestAllPackages
Tests run: 1, Failures: 0, Errors: 1, Skipped: 0, Time elapsed: 0.027 sec <<< FAILURE! - in org.joda.time.TestAllPackages
initializationError(org.joda.time.TestAllPackages)  Time elapsed: 0.023 sec  <<< ERROR!
java.lang.NoClassDefFoundError: Could not initialize class org.joda.time.TestChronology
	at org.joda.time.TestChronology.<clinit>(TestChronology.java:47)
	at org.joda.time.TestAll.suite(TestAll.java:37)
	at org.joda.time.TestAllPackages.suite(TestAllPackages.java:36)


Results :

Tests in error: 
  TestAllPackages.suite:36 ? NoClassDefFound Could not initialize class org.joda...

Tests run: 1, Failures: 0, Errors: 1, Skipped: 0

[8mha:////4ODdgiwHv9EMkmvktFtdZK8VVAXZRL/SlRzNHVCOucLxAAAAYB+LCAAAAAAAAP9b85aBtbiIQSmjNKU4P0+vJLE4u1gvPjexLDVPzxdEuhYV5Rf55Zek1m9pfpLfVWLNxMBQUcQgBdWQnJ9XnJ+TqucMoUEKGSCAEaSwAABqVhoSYAAAAA==[0m[ERROR] There are test failures.

Please refer to /bitnami/jenkins/home/workspace/FinalProjectPA2579/target/surefire-reports for the individual test results.
[INFO] 
[INFO] <<< emma-maven-plugin:1.0-alpha-3:emma (default-cli) < [emma]test @ joda-time <<<
[INFO] 
[INFO] 
[8mha:////4JGXEJbfoO+tFsv2muN6NG0mK4FXHXHAguqjDGld6XZCAAAAYB+LCAAAAAAAAP9b85aBtbiIQSmjNKU4P0+vJLE4u1gvPjexLDVPzxdEGvvmZ+X75Zek2mxOX+vh68DGxMBQUcQgBdWQnJ9XnJ+TqucMoUEKGSCAEaSwAAAn9LoiYAAAAA==[0m[INFO] --- emma-maven-plugin:1.0-alpha-3:emma (default-cli) @ joda-time ---
processing input files ...
1 file(s) read and merged in 25 ms
nothing to do: no runtime coverage data found in any of the data files
[INFO] 
[8mha:////4JGXEJbfoO+tFsv2muN6NG0mK4FXHXHAguqjDGld6XZCAAAAYB+LCAAAAAAAAP9b85aBtbiIQSmjNKU4P0+vJLE4u1gvPjexLDVPzxdEGvvmZ+X75Zek2mxOX+vh68DGxMBQUcQgBdWQnJ9XnJ+TqucMoUEKGSCAEaSwAAAn9LoiYAAAAA==[0m[INFO] --- maven-resources-plugin:2.7:resources (default-resources) @ joda-time ---
[INFO] Using 'UTF-8' encoding to copy filtered resources.
[INFO] Copying 1 resource to META-INF
[INFO] Copying 16 resources
[INFO] 
[8mha:////4JGXEJbfoO+tFsv2muN6NG0mK4FXHXHAguqjDGld6XZCAAAAYB+LCAAAAAAAAP9b85aBtbiIQSmjNKU4P0+vJLE4u1gvPjexLDVPzxdEGvvmZ+X75Zek2mxOX+vh68DGxMBQUcQgBdWQnJ9XnJ+TqucMoUEKGSCAEaSwAAAn9LoiYAAAAA==[0m[INFO] --- maven-compiler-plugin:3.3:compile (default-compile) @ joda-time ---
[INFO] Nothing to compile - all classes are up to date
[INFO] 
[8mha:////4JGXEJbfoO+tFsv2muN6NG0mK4FXHXHAguqjDGld6XZCAAAAYB+LCAAAAAAAAP9b85aBtbiIQSmjNKU4P0+vJLE4u1gvPjexLDVPzxdEGvvmZ+X75Zek2mxOX+vh68DGxMBQUcQgBdWQnJ9XnJ+TqucMoUEKGSCAEaSwAAAn9LoiYAAAAA==[0m[INFO] --- exec-maven-plugin:1.4.0:java (compile-tzdb) @ joda-time ---
Writing zoneinfo files
Writing ZoneInfoMap
[INFO] 
[8mha:////4JGXEJbfoO+tFsv2muN6NG0mK4FXHXHAguqjDGld6XZCAAAAYB+LCAAAAAAAAP9b85aBtbiIQSmjNKU4P0+vJLE4u1gvPjexLDVPzxdEGvvmZ+X75Zek2mxOX+vh68DGxMBQUcQgBdWQnJ9XnJ+TqucMoUEKGSCAEaSwAAAn9LoiYAAAAA==[0m[INFO] --- maven-resources-plugin:2.7:testResources (default-testResources) @ joda-time ---
[INFO] Using 'UTF-8' encoding to copy filtered resources.
[INFO] Copying 35 resources
[INFO] 
[8mha:////4JGXEJbfoO+tFsv2muN6NG0mK4FXHXHAguqjDGld6XZCAAAAYB+LCAAAAAAAAP9b85aBtbiIQSmjNKU4P0+vJLE4u1gvPjexLDVPzxdEGvvmZ+X75Zek2mxOX+vh68DGxMBQUcQgBdWQnJ9XnJ+TqucMoUEKGSCAEaSwAAAn9LoiYAAAAA==[0m[INFO] --- maven-compiler-plugin:3.3:testCompile (default-testCompile) @ joda-time ---
[INFO] Nothing to compile - all classes are up to date
[INFO] 
[8mha:////4JGXEJbfoO+tFsv2muN6NG0mK4FXHXHAguqjDGld6XZCAAAAYB+LCAAAAAAAAP9b85aBtbiIQSmjNKU4P0+vJLE4u1gvPjexLDVPzxdEGvvmZ+X75Zek2mxOX+vh68DGxMBQUcQgBdWQnJ9XnJ+TqucMoUEKGSCAEaSwAAAn9LoiYAAAAA==[0m[INFO] --- maven-surefire-plugin:2.18.1:test (default-test) @ joda-time ---
[INFO] Surefire report directory: /bitnami/jenkins/home/workspace/FinalProjectPA2579/target/surefire-reports

-------------------------------------------------------
 T E S T S
-------------------------------------------------------
Running org.joda.time.TestAllPackages
WARNING: A terminally deprecated method in java.lang.System has been called
WARNING: System::setSecurityManager has been called by org.joda.time.TestDateTimeZone (file:/bitnami/jenkins/home/workspace/FinalProjectPA2579/target/test-classes/)
WARNING: Please consider reporting this to the maintainers of org.joda.time.TestDateTimeZone
WARNING: System::setSecurityManager will be removed in a future release
Tests run: 2999, Failures: 0, Errors: 0, Skipped: 0, Time elapsed: 4.557 sec - in org.joda.time.TestAllPackages

Results :

Tests run: 2999, Failures: 0, Errors: 0, Skipped: 0

[INFO] ------------------------------------------------------------------------
[INFO] BUILD SUCCESS
[INFO] ------------------------------------------------------------------------
[INFO] Total time:  04:20 min
[INFO] Finished at: 2024-07-17T01:05:52Z
[INFO] ------------------------------------------------------------------------
Archiving artifacts
No artifacts found that match the file pattern "**/site/emma/index.html, **/site/emma/_files/*.html". Configuration error?
Recording test results
[Checks API] No suitable checks publisher found.
Emma: looking for coverage reports in the entire workspace: /bitnami/jenkins/home/workspace/FinalProjectPA2579
Emma: no coverage files found in workspace. Was any report generated?
Build step 'Record Emma coverage report' changed build result to FAILURE
Finished: FAILURE
