Started by user [8mha:////4PdMHJt/HODzC8rWp4yqU6iKRaY6X+Wg2r8Qui3qD8+dAAAAkx+LCAAAAAAAAP9b85aBtbiIQTGjNKU4P08vOT+vOD8nVc83PyU1x6OyILUoJzMv2y+/JJUBAhiZGBgqihhk0NSjKDWzXb3RdlLBUSYGJk8GtpzUvPSSDB8G5tKinBIGIZ+sxLJE/ZzEvHT94JKizLx0a6BxUmjGOUNodHsLgAyWEgYu/dLi1CIwAQDYegtJvwAAAA==[0muser
Running as SYSTEM
Building in workspace /bitnami/jenkins/home/workspace/FinalProjectPA2579
The recommended git tool is: NONE
No credentials specified
 > git rev-parse --resolve-git-dir /bitnami/jenkins/home/workspace/FinalProjectPA2579/.git # timeout=10
Fetching changes from the remote Git repository
 > git config remote.origin.url https://github.com/SpikeStriker/lecture_ci.git # timeout=10
Fetching upstream changes from https://github.com/SpikeStriker/lecture_ci.git
 > git --version # timeout=10
 > git --version # 'git version 2.39.2'
 > git fetch --tags --force --progress -- https://github.com/SpikeStriker/lecture_ci.git +refs/heads/*:refs/remotes/origin/* # timeout=10
 > git rev-parse refs/remotes/origin/master^{commit} # timeout=10
Checking out Revision d29dbc277902559198cb7b49843435fe91912e1d (refs/remotes/origin/master)
 > git config core.sparsecheckout # timeout=10
 > git checkout -f d29dbc277902559198cb7b49843435fe91912e1d # timeout=10
Commit message: "limiting tests for faster iterations"
 > git rev-list --no-walk d29dbc277902559198cb7b49843435fe91912e1d # timeout=10
[FinalProjectPA2579] $ /opt/apache-maven-3.8.8/bin/mvn clean clover:setup test clover:aggregate clover:clover
[INFO] Scanning for projects...
[8mha:////4NJa7BiBQ/TirdH+Xe1c6eGAyP7GotoVJSvjRzuEVInwAAAAYh+LCAAAAAAAAP9b85aBtbiIQSWjNKU4P0+vJLE4u1gvPjexLDVPzxdEhicW5WXmpfvll6SeOJwgmrt9CSsTA0NFEYMUVEtyfl5xfk6qnjOEBilkgABGkMICAEQzmI1iAAAA[0m[WARNING] 
[8mha:////4NJa7BiBQ/TirdH+Xe1c6eGAyP7GotoVJSvjRzuEVInwAAAAYh+LCAAAAAAAAP9b85aBtbiIQSWjNKU4P0+vJLE4u1gvPjexLDVPzxdEhicW5WXmpfvll6SeOJwgmrt9CSsTA0NFEYMUVEtyfl5xfk6qnjOEBilkgABGkMICAEQzmI1iAAAA[0m[WARNING] Some problems were encountered while building the effective model for joda-time:joda-time:jar:2.9.9
[8mha:////4NJa7BiBQ/TirdH+Xe1c6eGAyP7GotoVJSvjRzuEVInwAAAAYh+LCAAAAAAAAP9b85aBtbiIQSWjNKU4P0+vJLE4u1gvPjexLDVPzxdEhicW5WXmpfvll6SeOJwgmrt9CSsTA0NFEYMUVEtyfl5xfk6qnjOEBilkgABGkMICAEQzmI1iAAAA[0m[WARNING] 'build.plugins.plugin.version' for org.openclover:clover-maven-plugin is missing. @ line 343, column 12
[8mha:////4NJa7BiBQ/TirdH+Xe1c6eGAyP7GotoVJSvjRzuEVInwAAAAYh+LCAAAAAAAAP9b85aBtbiIQSWjNKU4P0+vJLE4u1gvPjexLDVPzxdEhicW5WXmpfvll6SeOJwgmrt9CSsTA0NFEYMUVEtyfl5xfk6qnjOEBilkgABGkMICAEQzmI1iAAAA[0m[WARNING] 
[8mha:////4NJa7BiBQ/TirdH+Xe1c6eGAyP7GotoVJSvjRzuEVInwAAAAYh+LCAAAAAAAAP9b85aBtbiIQSWjNKU4P0+vJLE4u1gvPjexLDVPzxdEhicW5WXmpfvll6SeOJwgmrt9CSsTA0NFEYMUVEtyfl5xfk6qnjOEBilkgABGkMICAEQzmI1iAAAA[0m[WARNING] It is highly recommended to fix these problems because they threaten the stability of your build.
[8mha:////4NJa7BiBQ/TirdH+Xe1c6eGAyP7GotoVJSvjRzuEVInwAAAAYh+LCAAAAAAAAP9b85aBtbiIQSWjNKU4P0+vJLE4u1gvPjexLDVPzxdEhicW5WXmpfvll6SeOJwgmrt9CSsTA0NFEYMUVEtyfl5xfk6qnjOEBilkgABGkMICAEQzmI1iAAAA[0m[WARNING] 
[8mha:////4NJa7BiBQ/TirdH+Xe1c6eGAyP7GotoVJSvjRzuEVInwAAAAYh+LCAAAAAAAAP9b85aBtbiIQSWjNKU4P0+vJLE4u1gvPjexLDVPzxdEhicW5WXmpfvll6SeOJwgmrt9CSsTA0NFEYMUVEtyfl5xfk6qnjOEBilkgABGkMICAEQzmI1iAAAA[0m[WARNING] For this reason, future Maven versions might no longer support building such malformed projects.
[8mha:////4NJa7BiBQ/TirdH+Xe1c6eGAyP7GotoVJSvjRzuEVInwAAAAYh+LCAAAAAAAAP9b85aBtbiIQSWjNKU4P0+vJLE4u1gvPjexLDVPzxdEhicW5WXmpfvll6SeOJwgmrt9CSsTA0NFEYMUVEtyfl5xfk6qnjOEBilkgABGkMICAEQzmI1iAAAA[0m[WARNING] 
[8mha:////4NJa7BiBQ/TirdH+Xe1c6eGAyP7GotoVJSvjRzuEVInwAAAAYh+LCAAAAAAAAP9b85aBtbiIQSWjNKU4P0+vJLE4u1gvPjexLDVPzxdEhicW5WXmpfvll6SeOJwgmrt9CSsTA0NFEYMUVEtyfl5xfk6qnjOEBilkgABGkMICAEQzmI1iAAAA[0m[WARNING] The project joda-time:joda-time:jar:2.9.9 uses prerequisites which is only intended for maven-plugin projects but not for non maven-plugin projects. For such purposes you should use the maven-enforcer-plugin. See https://maven.apache.org/enforcer/enforcer-rules/requireMavenVersion.html
[INFO] 
[INFO] ------------------------< joda-time:joda-time >-------------------------
[INFO] Building Joda-Time 2.9.9
[INFO]   from pom.xml
[INFO] --------------------------------[ jar ]---------------------------------
[INFO] 
[8mha:////4JGXEJbfoO+tFsv2muN6NG0mK4FXHXHAguqjDGld6XZCAAAAYB+LCAAAAAAAAP9b85aBtbiIQSmjNKU4P0+vJLE4u1gvPjexLDVPzxdEGvvmZ+X75Zek2mxOX+vh68DGxMBQUcQgBdWQnJ9XnJ+TqucMoUEKGSCAEaSwAAAn9LoiYAAAAA==[0m[INFO] --- maven-clean-plugin:2.6.1:clean (default-clean) @ joda-time ---
[INFO] Deleting /bitnami/jenkins/home/workspace/FinalProjectPA2579/target
[INFO] 
[8mha:////4JGXEJbfoO+tFsv2muN6NG0mK4FXHXHAguqjDGld6XZCAAAAYB+LCAAAAAAAAP9b85aBtbiIQSmjNKU4P0+vJLE4u1gvPjexLDVPzxdEGvvmZ+X75Zek2mxOX+vh68DGxMBQUcQgBdWQnJ9XnJ+TqucMoUEKGSCAEaSwAAAn9LoiYAAAAA==[0m[INFO] --- clover-maven-plugin:4.5.2:setup (default-cli) @ joda-time ---
[INFO] OpenClover Version 4.5.2, built on 2024-01-31
[INFO] Creating new database at '/bitnami/jenkins/home/workspace/FinalProjectPA2579/target/clover/clover.db'.
[INFO] Processing files at JAVA_17 source level.
[INFO] Clover all over. Instrumented 167 files (8 packages).
[INFO] OpenClover Version 4.5.2, built on 2024-01-31
[INFO] Updating existing database at '/bitnami/jenkins/home/workspace/FinalProjectPA2579/target/clover/clover.db'.
[INFO] Processing files at JAVA_17 source level.
[INFO] Clover all over. Instrumented 159 files (7 packages).
[INFO] 4222 test methods detected.
[INFO] 
[8mha:////4JGXEJbfoO+tFsv2muN6NG0mK4FXHXHAguqjDGld6XZCAAAAYB+LCAAAAAAAAP9b85aBtbiIQSmjNKU4P0+vJLE4u1gvPjexLDVPzxdEGvvmZ+X75Zek2mxOX+vh68DGxMBQUcQgBdWQnJ9XnJ+TqucMoUEKGSCAEaSwAAAn9LoiYAAAAA==[0m[INFO] --- maven-resources-plugin:2.7:resources (default-resources) @ joda-time ---
[INFO] Using 'UTF-8' encoding to copy filtered resources.
[INFO] Copying 1 resource to META-INF
[INFO] Copying 16 resources
[INFO] Copying 1 resource
[INFO] 
[8mha:////4JGXEJbfoO+tFsv2muN6NG0mK4FXHXHAguqjDGld6XZCAAAAYB+LCAAAAAAAAP9b85aBtbiIQSmjNKU4P0+vJLE4u1gvPjexLDVPzxdEGvvmZ+X75Zek2mxOX+vh68DGxMBQUcQgBdWQnJ9XnJ+TqucMoUEKGSCAEaSwAAAn9LoiYAAAAA==[0m[INFO] --- maven-compiler-plugin:3.3:compile (default-compile) @ joda-time ---
[INFO] Changes detected - recompiling the module!
[INFO] Compiling 167 source files to /bitnami/jenkins/home/workspace/FinalProjectPA2579/target/classes
[INFO] 
[8mha:////4JGXEJbfoO+tFsv2muN6NG0mK4FXHXHAguqjDGld6XZCAAAAYB+LCAAAAAAAAP9b85aBtbiIQSmjNKU4P0+vJLE4u1gvPjexLDVPzxdEGvvmZ+X75Zek2mxOX+vh68DGxMBQUcQgBdWQnJ9XnJ+TqucMoUEKGSCAEaSwAAAn9LoiYAAAAA==[0m[INFO] --- exec-maven-plugin:1.4.0:java (compile-tzdb) @ joda-time ---
Writing zoneinfo files
Writing ZoneInfoMap
[INFO] 
[8mha:////4JGXEJbfoO+tFsv2muN6NG0mK4FXHXHAguqjDGld6XZCAAAAYB+LCAAAAAAAAP9b85aBtbiIQSmjNKU4P0+vJLE4u1gvPjexLDVPzxdEGvvmZ+X75Zek2mxOX+vh68DGxMBQUcQgBdWQnJ9XnJ+TqucMoUEKGSCAEaSwAAAn9LoiYAAAAA==[0m[INFO] --- maven-resources-plugin:2.7:testResources (default-testResources) @ joda-time ---
[INFO] Using 'UTF-8' encoding to copy filtered resources.
[INFO] Copying 35 resources
[INFO] 
[8mha:////4JGXEJbfoO+tFsv2muN6NG0mK4FXHXHAguqjDGld6XZCAAAAYB+LCAAAAAAAAP9b85aBtbiIQSmjNKU4P0+vJLE4u1gvPjexLDVPzxdEGvvmZ+X75Zek2mxOX+vh68DGxMBQUcQgBdWQnJ9XnJ+TqucMoUEKGSCAEaSwAAAn9LoiYAAAAA==[0m[INFO] --- maven-compiler-plugin:3.3:testCompile (default-testCompile) @ joda-time ---
[INFO] Changes detected - recompiling the module!
[INFO] Compiling 159 source files to /bitnami/jenkins/home/workspace/FinalProjectPA2579/target/test-classes
[INFO] 
[8mha:////4JGXEJbfoO+tFsv2muN6NG0mK4FXHXHAguqjDGld6XZCAAAAYB+LCAAAAAAAAP9b85aBtbiIQSmjNKU4P0+vJLE4u1gvPjexLDVPzxdEGvvmZ+X75Zek2mxOX+vh68DGxMBQUcQgBdWQnJ9XnJ+TqucMoUEKGSCAEaSwAAAn9LoiYAAAAA==[0m[INFO] --- maven-surefire-plugin:2.18.1:test (default-test) @ joda-time ---
[INFO] Surefire report directory: /bitnami/jenkins/home/workspace/FinalProjectPA2579/target/surefire-reports

-------------------------------------------------------
 T E S T S
-------------------------------------------------------
Running org.joda.time.TestAllPackages
WARNING: A terminally deprecated method in java.lang.System has been called
WARNING: System::setSecurityManager has been called by org.joda.time.TestDateTimeZone (file:/bitnami/jenkins/home/workspace/FinalProjectPA2579/target/test-classes/)
WARNING: Please consider reporting this to the maintainers of org.joda.time.TestDateTimeZone
WARNING: System::setSecurityManager will be removed in a future release
Tests run: 2999, Failures: 2, Errors: 0, Skipped: 0, Time elapsed: 33.916 sec <<< FAILURE! - in org.joda.time.TestAllPackages
test_other(org.joda.time.TestDateTimeFieldType)  Time elapsed: 0.024 sec  <<< FAILURE!
junit.framework.AssertionFailedError: expected:<1> but was:<2>
	at junit.framework.Assert.fail(Assert.java:57)
	at junit.framework.Assert.failNotEquals(Assert.java:329)
	at junit.framework.Assert.assertEquals(Assert.java:78)
	at junit.framework.Assert.assertEquals(Assert.java:234)
	at junit.framework.Assert.assertEquals(Assert.java:241)
	at junit.framework.TestCase.assertEquals(TestCase.java:409)
	at org.joda.time.TestDateTimeFieldType.__CLR4_5_2r2q5yjaz(TestDateTimeFieldType.java:286)
	at org.joda.time.TestDateTimeFieldType.test_other(TestDateTimeFieldType.java:285)

test_other(org.joda.time.TestDurationFieldType)  Time elapsed: 0.005 sec  <<< FAILURE!
junit.framework.AssertionFailedError: expected:<1> but was:<2>
	at junit.framework.Assert.fail(Assert.java:57)
	at junit.framework.Assert.failNotEquals(Assert.java:329)
	at junit.framework.Assert.assertEquals(Assert.java:78)
	at junit.framework.Assert.assertEquals(Assert.java:234)
	at junit.framework.Assert.assertEquals(Assert.java:241)
	at junit.framework.TestCase.assertEquals(TestCase.java:409)
	at org.joda.time.TestDurationFieldType.__CLR4_5_2r2q5ymrc(TestDurationFieldType.java:152)
	at org.joda.time.TestDurationFieldType.test_other(TestDurationFieldType.java:151)


Results :

Failed tests: 
  TestDateTimeFieldType.test_other:285->__CLR4_5_2r2q5yjaz:286 expected:<1> but was:<2>
  TestDurationFieldType.test_other:151->__CLR4_5_2r2q5ymrc:152 expected:<1> but was:<2>

Tests run: 2999, Failures: 2, Errors: 0, Skipped: 0

[INFO] 
[INFO] ------------------------------------------------------------------------
[INFO] Skipping Joda-Time
[INFO] This project has been banned from the build due to previous failures.
[INFO] ------------------------------------------------------------------------
[INFO] 
[INFO] ------------------------------------------------------------------------
[INFO] Skipping Joda-Time
[INFO] This project has been banned from the build due to previous failures.
[INFO] ------------------------------------------------------------------------
[INFO] ------------------------------------------------------------------------
[INFO] BUILD FAILURE
[INFO] ------------------------------------------------------------------------
[INFO] Total time:  04:26 min
[INFO] Finished at: 2024-07-17T02:19:35Z
[INFO] ------------------------------------------------------------------------
[8mha:////4ODdgiwHv9EMkmvktFtdZK8VVAXZRL/SlRzNHVCOucLxAAAAYB+LCAAAAAAAAP9b85aBtbiIQSmjNKU4P0+vJLE4u1gvPjexLDVPzxdEuhYV5Rf55Zek1m9pfpLfVWLNxMBQUcQgBdWQnJ9XnJ+TqucMoUEKGSCAEaSwAABqVhoSYAAAAA==[0m[ERROR] Failed to execute goal org.apache.maven.plugins:maven-surefire-plugin:2.18.1:test (default-test) on project joda-time: There are test failures.
[8mha:////4ODdgiwHv9EMkmvktFtdZK8VVAXZRL/SlRzNHVCOucLxAAAAYB+LCAAAAAAAAP9b85aBtbiIQSmjNKU4P0+vJLE4u1gvPjexLDVPzxdEuhYV5Rf55Zek1m9pfpLfVWLNxMBQUcQgBdWQnJ9XnJ+TqucMoUEKGSCAEaSwAABqVhoSYAAAAA==[0m[ERROR] 
[8mha:////4ODdgiwHv9EMkmvktFtdZK8VVAXZRL/SlRzNHVCOucLxAAAAYB+LCAAAAAAAAP9b85aBtbiIQSmjNKU4P0+vJLE4u1gvPjexLDVPzxdEuhYV5Rf55Zek1m9pfpLfVWLNxMBQUcQgBdWQnJ9XnJ+TqucMoUEKGSCAEaSwAABqVhoSYAAAAA==[0m[ERROR] Please refer to /bitnami/jenkins/home/workspace/FinalProjectPA2579/target/surefire-reports for the individual test results.
[8mha:////4ODdgiwHv9EMkmvktFtdZK8VVAXZRL/SlRzNHVCOucLxAAAAYB+LCAAAAAAAAP9b85aBtbiIQSmjNKU4P0+vJLE4u1gvPjexLDVPzxdEuhYV5Rf55Zek1m9pfpLfVWLNxMBQUcQgBdWQnJ9XnJ+TqucMoUEKGSCAEaSwAABqVhoSYAAAAA==[0m[ERROR] -> [Help 1]
[8mha:////4ODdgiwHv9EMkmvktFtdZK8VVAXZRL/SlRzNHVCOucLxAAAAYB+LCAAAAAAAAP9b85aBtbiIQSmjNKU4P0+vJLE4u1gvPjexLDVPzxdEuhYV5Rf55Zek1m9pfpLfVWLNxMBQUcQgBdWQnJ9XnJ+TqucMoUEKGSCAEaSwAABqVhoSYAAAAA==[0m[ERROR] 
[8mha:////4ODdgiwHv9EMkmvktFtdZK8VVAXZRL/SlRzNHVCOucLxAAAAYB+LCAAAAAAAAP9b85aBtbiIQSmjNKU4P0+vJLE4u1gvPjexLDVPzxdEuhYV5Rf55Zek1m9pfpLfVWLNxMBQUcQgBdWQnJ9XnJ+TqucMoUEKGSCAEaSwAABqVhoSYAAAAA==[0m[ERROR] To see the full stack trace of the errors, re-run Maven with the -e switch.
[8mha:////4ODdgiwHv9EMkmvktFtdZK8VVAXZRL/SlRzNHVCOucLxAAAAYB+LCAAAAAAAAP9b85aBtbiIQSmjNKU4P0+vJLE4u1gvPjexLDVPzxdEuhYV5Rf55Zek1m9pfpLfVWLNxMBQUcQgBdWQnJ9XnJ+TqucMoUEKGSCAEaSwAABqVhoSYAAAAA==[0m[ERROR] Re-run Maven using the -X switch to enable full debug logging.
[8mha:////4ODdgiwHv9EMkmvktFtdZK8VVAXZRL/SlRzNHVCOucLxAAAAYB+LCAAAAAAAAP9b85aBtbiIQSmjNKU4P0+vJLE4u1gvPjexLDVPzxdEuhYV5Rf55Zek1m9pfpLfVWLNxMBQUcQgBdWQnJ9XnJ+TqucMoUEKGSCAEaSwAABqVhoSYAAAAA==[0m[ERROR] 
[8mha:////4ODdgiwHv9EMkmvktFtdZK8VVAXZRL/SlRzNHVCOucLxAAAAYB+LCAAAAAAAAP9b85aBtbiIQSmjNKU4P0+vJLE4u1gvPjexLDVPzxdEuhYV5Rf55Zek1m9pfpLfVWLNxMBQUcQgBdWQnJ9XnJ+TqucMoUEKGSCAEaSwAABqVhoSYAAAAA==[0m[ERROR] For more information about the errors and possible solutions, please read the following articles:
[8mha:////4ODdgiwHv9EMkmvktFtdZK8VVAXZRL/SlRzNHVCOucLxAAAAYB+LCAAAAAAAAP9b85aBtbiIQSmjNKU4P0+vJLE4u1gvPjexLDVPzxdEuhYV5Rf55Zek1m9pfpLfVWLNxMBQUcQgBdWQnJ9XnJ+TqucMoUEKGSCAEaSwAABqVhoSYAAAAA==[0m[ERROR] [Help 1] http://cwiki.apache.org/confluence/display/MAVEN/MojoFailureException
Build step 'Invoke top-level Maven targets' marked build as failure
Recording test results
[Checks API] No suitable checks publisher found.
Publishing Clover coverage report...
No Clover report will be published due to a build Failure
Finished: FAILURE
